<?xml version="1.0" encoding="UTF-8"?>
<testsuite xmlns:xsi="http://www.w3.org/2001/XMLSchema-instance" xsi:noNamespaceSchemaLocation="https://maven.apache.org/surefire/maven-surefire-plugin/xsd/surefire-test-report-3.0.xsd" version="3.0" name="crux.CompilerStageTests" time="0.667" tests="50" errors="0" skipped="0" failures="50">
  <properties>
[...]
</properties>
  <testcase name="parseTree" classname="crux.CompilerStageTests" time="0.146">
    <failure type="org.opentest4j.AssertionFailedError"><![CDATA[org.opentest4j.AssertionFailedError: 
Parse tree for program crux/stages/parse-tree/test01.crx differs from expected output. ==> expected: <program
  declarationList
    declaration
      functionDefinition
        parameterList
        type
        statementBlock
          statementList
> but was: <program
  declarationList
    declaration
      functionDefinition
        parameterList
        type
        statementBlock
          statementList
>
	at crux.CompilerStageTests.lambda$parseTree$1(CompilerStageTests.java:48)
]]></failure>
  </testcase>
  <testcase name="parseTree" classname="crux.CompilerStageTests" time="0.009">
    <failure type="org.opentest4j.AssertionFailedError"><![CDATA[org.opentest4j.AssertionFailedError: 
Parse tree for program crux/stages/parse-tree/test02.crx differs from expected output. ==> expected: <program
  declarationList
    declaration
      functionDefinition
        parameterList
        type
        statementBlock
          statementList
            statement
              callStatement
                callExpression
                  expressionList
                    expression0
                      expression1
                        expression2
                          expression3
                            literal
> but was: <program
  declarationList
    declaration
      functionDefinition
        parameterList
        type
        statementBlock
          statementList
            statement
              callStatement
                callExpression
                  expressionList
                    expression0
                      expression1
                        expression2
                          expression3
                            literal
>
	at crux.CompilerStageTests.lambda$parseTree$1(CompilerStageTests.java:48)
]]></failure>
  </testcase>
  <testcase name="parseTree" classname="crux.CompilerStageTests" time="0.01">
    <failure type="org.opentest4j.AssertionFailedError"><![CDATA[org.opentest4j.AssertionFailedError: 
Parse tree for program crux/stages/parse-tree/test03.crx differs from expected output. ==> expected: <program
  declarationList
    declaration
      functionDefinition
        parameterList
        type
        statementBlock
          statementList
            statement
              callStatement
                callExpression
                  expressionList
                    expression0
                      expression1
                        expression2
                          expression3
                            literal
            statement
              callStatement
                callExpression
                  expressionList
                    expression0
                      expression1
                        expression2
                          expression3
                            literal
> but was: <program
  declarationList
    declaration
      functionDefinition
        parameterList
        type
        statementBlock
          statementList
            statement
              callStatement
                callExpression
                  expressionList
                    expression0
                      expression1
                        expression2
                          expression3
                            literal
            statement
              callStatement
                callExpression
                  expressionList
                    expression0
                      expression1
                        expression2
                          expression3
                            literal
>
	at crux.CompilerStageTests.lambda$parseTree$1(CompilerStageTests.java:48)
]]></failure>
  </testcase>
  <testcase name="parseTree" classname="crux.CompilerStageTests" time="0.006">
    <failure type="org.opentest4j.AssertionFailedError"><![CDATA[org.opentest4j.AssertionFailedError: 
Parse tree for program crux/stages/parse-tree/test04.crx differs from expected output. ==> expected: <program
  declarationList
    declaration
      functionDefinition
        parameterList
        type
        statementBlock
          statementList
            statement
              callStatement
                callExpression
                  expressionList
                    expression0
                      expression1
                        expression2
                          expression3
                            literal
                        op1
                        expression2
                          expression3
                            literal
> but was: <program
  declarationList
    declaration
      functionDefinition
        parameterList
        type
        statementBlock
          statementList
            statement
              callStatement
                callExpression
                  expressionList
                    expression0
                      expression1
                        expression2
                          expression3
                            literal
                        op1
                        expression2
                          expression3
                            literal
>
	at crux.CompilerStageTests.lambda$parseTree$1(CompilerStageTests.java:48)
]]></failure>
  </testcase>
  <testcase name="parseTree" classname="crux.CompilerStageTests" time="0.006">
    <failure type="org.opentest4j.AssertionFailedError"><![CDATA[org.opentest4j.AssertionFailedError: 
Parse tree for program crux/stages/parse-tree/test05.crx differs from expected output. ==> expected: <program
  declarationList
    declaration
      variableDeclaration
        type
    declaration
      arrayDeclaration
        type
    declaration
      functionDefinition
        parameterList
        type
        statementBlock
          statementList
> but was: <program
  declarationList
    declaration
      variable_declaration
        type
    declaration
      array_declaration
        type
    declaration
      functionDefinition
        parameterList
        type
        statementBlock
          statementList
>
	at crux.CompilerStageTests.lambda$parseTree$1(CompilerStageTests.java:48)
]]></failure>
  </testcase>
  <testcase name="parseTree" classname="crux.CompilerStageTests" time="0.006">
    <failure type="org.opentest4j.AssertionFailedError"><![CDATA[org.opentest4j.AssertionFailedError: 
Parse tree for program crux/stages/parse-tree/test06.crx differs from expected output. ==> expected: <program
  declarationList
    declaration
      variableDeclaration
        type
    declaration
      functionDefinition
        parameterList
        type
        statementBlock
          statementList
            statement
              assignmentStatement
                designator
                expression0
                  expression1
                    expression2
                      expression3
                        literal
            statement
              callStatement
                callExpression
                  expressionList
                    expression0
                      expression1
                        expression2
                          expression3
                            designator
> but was: <program
  declarationList
    declaration
      variable_declaration
        type
    declaration
      functionDefinition
        parameterList
        type
        statementBlock
          statementList
            statement
              assignmentStatement
                designator
                expression0
                  expression1
                    expression2
                      expression3
                        literal
            statement
              callStatement
                callExpression
                  expressionList
                    expression0
                      expression1
                        expression2
                          expression3
                            designator
>
	at crux.CompilerStageTests.lambda$parseTree$1(CompilerStageTests.java:48)
]]></failure>
  </testcase>
  <testcase name="parseTree" classname="crux.CompilerStageTests" time="0.005">
    <failure type="org.opentest4j.AssertionFailedError"><![CDATA[org.opentest4j.AssertionFailedError: 
Parse tree for program crux/stages/parse-tree/test07.crx differs from expected output. ==> expected: <program
  declarationList
    declaration
      functionDefinition
        parameterList
        type
        statementBlock
          statementList
            statement
              variableDeclaration
                type
            statement
              assignmentStatement
                designator
                expression0
                  expression1
                    expression2
                      expression3
                        literal
            statement
              callStatement
                callExpression
                  expressionList
                    expression0
                      expression1
                        expression2
                          expression3
                            designator
> but was: <program
  declarationList
    declaration
      functionDefinition
        parameterList
        type
        statementBlock
          statementList
            statement
              variable_declaration
                type
            statement
              assignmentStatement
                designator
                expression0
                  expression1
                    expression2
                      expression3
                        literal
            statement
              callStatement
                callExpression
                  expressionList
                    expression0
                      expression1
                        expression2
                          expression3
                            designator
>
	at crux.CompilerStageTests.lambda$parseTree$1(CompilerStageTests.java:48)
]]></failure>
  </testcase>
  <testcase name="parseTree" classname="crux.CompilerStageTests" time="0.005">
    <failure type="org.opentest4j.AssertionFailedError"><![CDATA[org.opentest4j.AssertionFailedError: 
Parse tree for program crux/stages/parse-tree/test08.crx differs from expected output. ==> expected: <program
  declarationList
    declaration
      functionDefinition
        parameterList
        type
        statementBlock
          statementList
            statement
              callStatement
                callExpression
                  expressionList
                    expression0
                      expression1
                        expression2
                          expression3
                            literal
    declaration
      functionDefinition
        parameterList
        type
        statementBlock
          statementList
            statement
              callStatement
                callExpression
                  expressionList
> but was: <program
  declarationList
    declaration
      functionDefinition
        parameterList
        type
        statementBlock
          statementList
            statement
              callStatement
                callExpression
                  expressionList
                    expression0
                      expression1
                        expression2
                          expression3
                            literal
    declaration
      functionDefinition
        parameterList
        type
        statementBlock
          statementList
            statement
              callStatement
                callExpression
                  expressionList
>
	at crux.CompilerStageTests.lambda$parseTree$1(CompilerStageTests.java:48)
]]></failure>
  </testcase>
  <testcase name="parseTree" classname="crux.CompilerStageTests" time="0.006">
    <failure type="org.opentest4j.AssertionFailedError"><![CDATA[org.opentest4j.AssertionFailedError: 
Parse tree for program crux/stages/parse-tree/test09.crx differs from expected output. ==> expected: <program
  declarationList
    declaration
      functionDefinition
        parameterList
          parameter
            type
        type
        statementBlock
          statementList
            statement
              callStatement
                callExpression
                  expressionList
                    expression0
                      expression1
                        expression2
                          expression3
                            designator
    declaration
      functionDefinition
        parameterList
        type
        statementBlock
          statementList
            statement
              callStatement
                callExpression
                  expressionList
                    expression0
                      expression1
                        expression2
                          expression3
                            literal
> but was: <program
  declarationList
    declaration
      functionDefinition
        parameterList
          parameter
            type
        type
        statementBlock
          statementList
            statement
              callStatement
                callExpression
                  expressionList
                    expression0
                      expression1
                        expression2
                          expression3
                            designator
    declaration
      functionDefinition
        parameterList
        type
        statementBlock
          statementList
            statement
              callStatement
                callExpression
                  expressionList
                    expression0
                      expression1
                        expression2
                          expression3
                            literal
>
	at crux.CompilerStageTests.lambda$parseTree$1(CompilerStageTests.java:48)
]]></failure>
  </testcase>
  <testcase name="parseTree" classname="crux.CompilerStageTests" time="0.005">
    <failure type="org.opentest4j.AssertionFailedError"><![CDATA[org.opentest4j.AssertionFailedError: 
Parse tree for program crux/stages/parse-tree/test10.crx differs from expected output. ==> expected: <program
  declarationList
    declaration
      arrayDeclaration
        type
    declaration
      functionDefinition
        parameterList
        type
        statementBlock
          statementList
            statement
              assignmentStatement
                designator
                  expression0
                    expression1
                      expression2
                        expression3
                          literal
                expression0
                  expression1
                    expression2
                      expression3
                        literal
            statement
              callStatement
                callExpression
                  expressionList
                    expression0
                      expression1
                        expression2
                          expression3
                            designator
                              expression0
                                expression1
                                  expression2
                                    expression3
                                      literal
> but was: <program
  declarationList
    declaration
      array_declaration
        type
    declaration
      functionDefinition
        parameterList
        type
        statementBlock
          statementList
            statement
              assignmentStatement
                designator
                  expression0
                    expression1
                      expression2
                        expression3
                          literal
                expression0
                  expression1
                    expression2
                      expression3
                        literal
            statement
              callStatement
                callExpression
                  expressionList
                    expression0
                      expression1
                        expression2
                          expression3
                            designator
                              expression0
                                expression1
                                  expression2
                                    expression3
                                      literal
>
	at crux.CompilerStageTests.lambda$parseTree$1(CompilerStageTests.java:48)
]]></failure>
  </testcase>
  <testcase name="parseTree" classname="crux.CompilerStageTests" time="0.005">
    <failure type="org.opentest4j.AssertionFailedError"><![CDATA[org.opentest4j.AssertionFailedError: 
Parse tree for program crux/stages/parse-tree/test11.crx differs from expected output. ==> expected: <program
  declarationList
    declaration
      functionDefinition
        parameterList
        type
        statementBlock
          statementList
            statement
              callStatement
                callExpression
                  expressionList
                    expression0
                      expression1
                        expression2
                          expression3
                            literal
            statement
              callStatement
                callExpression
                  expressionList
                    expression0
                      expression1
                        expression2
                          expression3
                            literal
            statement
              callStatement
                callExpression
                  expressionList
            statement
              callStatement
                callExpression
                  expressionList
> but was: <program
  declarationList
    declaration
      functionDefinition
        parameterList
        type
        statementBlock
          statementList
            statement
              callStatement
                callExpression
                  expressionList
                    expression0
                      expression1
                        expression2
                          expression3
                            literal
            statement
              callStatement
                callExpression
                  expressionList
                    expression0
                      expression1
                        expression2
                          expression3
                            literal
            statement
              callStatement
                callExpression
                  expressionList
            statement
              callStatement
                callExpression
                  expressionList
>
	at crux.CompilerStageTests.lambda$parseTree$1(CompilerStageTests.java:48)
]]></failure>
  </testcase>
  <testcase name="parseTree" classname="crux.CompilerStageTests" time="0.007">
    <failure type="org.opentest4j.AssertionFailedError"><![CDATA[org.opentest4j.AssertionFailedError: 
Parse tree for program crux/stages/parse-tree/test12.crx differs from expected output. ==> expected: <program
  declarationList
    declaration
      functionDefinition
        parameterList
        type
        statementBlock
          statementList
            statement
              ifStatement
                expression0
                  expression1
                    expression2
                      expression3
                        expression0
                          expression1
                            expression2
                              expression3
                                literal
                statementBlock
                  statementList
                    statement
                      callStatement
                        callExpression
                          expressionList
                            expression0
                              expression1
                                expression2
                                  expression3
                                    literal
            statement
              callStatement
                callExpression
                  expressionList
                    expression0
                      expression1
                        expression2
                          expression3
                            literal
                        op1
                        expression2
                          expression3
                            literal
> but was: <line 7:2 mismatched input '::' expecting {'and', 'or', ')', '+', '-', '*', '/', '>=', '<=', '!=', '==', '>', '<', ','}
>
	at crux.CompilerStageTests.lambda$parseTree$1(CompilerStageTests.java:48)
]]></failure>
  </testcase>
  <testcase name="parseTree" classname="crux.CompilerStageTests" time="0.005">
    <failure type="org.opentest4j.AssertionFailedError"><![CDATA[org.opentest4j.AssertionFailedError: 
Parse tree for program crux/stages/parse-tree/test13.crx differs from expected output. ==> expected: <program
  declarationList
    declaration
      functionDefinition
        parameterList
        type
        statementBlock
          statementList
            statement
              returnStatement
                expression0
                  expression1
                    expression2
                      expression3
                        callExpression
                          expressionList
    declaration
      functionDefinition
        parameterList
        type
        statementBlock
          statementList
            statement
              callStatement
                callExpression
                  expressionList
                    expression0
                      expression1
                        expression2
                          expression3
                            callExpression
                              expressionList
> but was: <program
  declarationList
    declaration
      functionDefinition
        parameterList
        type
        statementBlock
          statementList
            statement
              return_statement
                expression0
                  expression1
                    expression2
                      expression3
                        callExpression
                          expressionList
    declaration
      functionDefinition
        parameterList
        type
        statementBlock
          statementList
            statement
              callStatement
                callExpression
                  expressionList
                    expression0
                      expression1
                        expression2
                          expression3
                            callExpression
                              expressionList
>
	at crux.CompilerStageTests.lambda$parseTree$1(CompilerStageTests.java:48)
]]></failure>
  </testcase>
  <testcase name="parseTree" classname="crux.CompilerStageTests" time="0.004">
    <failure type="org.opentest4j.AssertionFailedError"><![CDATA[org.opentest4j.AssertionFailedError: 
Parse tree for program crux/stages/parse-tree/test14.crx differs from expected output. ==> expected: <program
  declarationList
    declaration
      variableDeclaration
        type
    declaration
      functionDefinition
        parameterList
        type
        statementBlock
          statementList
            statement
              assignmentStatement
                designator
                expression0
                  expression1
                    expression2
                      expression3
                        callExpression
                          expressionList
            statement
              callStatement
                callExpression
                  expressionList
                    expression0
                      expression1
                        expression2
                          expression3
                            designator
> but was: <program
  declarationList
    declaration
      variable_declaration
        type
    declaration
      functionDefinition
        parameterList
        type
        statementBlock
          statementList
            statement
              assignmentStatement
                designator
                expression0
                  expression1
                    expression2
                      expression3
                        callExpression
                          expressionList
            statement
              callStatement
                callExpression
                  expressionList
                    expression0
                      expression1
                        expression2
                          expression3
                            designator
>
	at crux.CompilerStageTests.lambda$parseTree$1(CompilerStageTests.java:48)
]]></failure>
  </testcase>
  <testcase name="parseTree" classname="crux.CompilerStageTests" time="0.004">
    <failure type="org.opentest4j.AssertionFailedError"><![CDATA[org.opentest4j.AssertionFailedError: 
Parse tree for program crux/stages/parse-tree/test15.crx differs from expected output. ==> expected: <program
  declarationList
    declaration
      functionDefinition
        parameterList
        type
        statementBlock
          statementList
            statement
              ifStatement
                expression0
                  expression1
                    expression2
                      expression3
                        expression0
                          expression1
                            expression2
                              expression3
                                literal
                statementBlock
                  statementList
                    statement
                      callStatement
                        callExpression
                          expressionList
                            expression0
                              expression1
                                expression2
                                  expression3
                                    literal
            statement
              callStatement
                callExpression
                  expressionList
                    expression0
                      expression1
                        expression2
                          expression3
                            literal
                        op1
                        expression2
                          expression3
                            literal
> but was: <line 7:2 mismatched input '::' expecting {'and', 'or', ')', '+', '-', '*', '/', '>=', '<=', '!=', '==', '>', '<', ','}
>
	at crux.CompilerStageTests.lambda$parseTree$1(CompilerStageTests.java:48)
]]></failure>
  </testcase>
  <testcase name="parseTree" classname="crux.CompilerStageTests" time="0.005">
    <failure type="org.opentest4j.AssertionFailedError"><![CDATA[org.opentest4j.AssertionFailedError: 
Parse tree for program crux/stages/parse-tree/test16.crx differs from expected output. ==> expected: <program
  declarationList
    declaration
      variableDeclaration
        type
    declaration
      functionDefinition
        parameterList
        type
        statementBlock
          statementList
            statement
              assignmentStatement
                designator
                expression0
                  expression1
                    expression2
                      expression3
                        literal
            statement
              variableDeclaration
                type
            statement
              assignmentStatement
                designator
                expression0
                  expression1
                    expression2
                      expression3
                        literal
            statement
              callStatement
                callExpression
                  expressionList
                    expression0
                      expression1
                        expression2
                          expression3
                            designator
> but was: <program
  declarationList
    declaration
      variable_declaration
        type
    declaration
      functionDefinition
        parameterList
        type
        statementBlock
          statementList
            statement
              assignmentStatement
                designator
                expression0
                  expression1
                    expression2
                      expression3
                        literal
            statement
              variable_declaration
                type
            statement
              assignmentStatement
                designator
                expression0
                  expression1
                    expression2
                      expression3
                        literal
            statement
              callStatement
                callExpression
                  expressionList
                    expression0
                      expression1
                        expression2
                          expression3
                            designator
>
	at crux.CompilerStageTests.lambda$parseTree$1(CompilerStageTests.java:48)
]]></failure>
  </testcase>
  <testcase name="parseTree" classname="crux.CompilerStageTests" time="0.005">
    <failure type="org.opentest4j.AssertionFailedError"><![CDATA[org.opentest4j.AssertionFailedError: 
Parse tree for program crux/stages/parse-tree/test17.crx differs from expected output. ==> expected: <program
  declarationList
    declaration
      variableDeclaration
        type
    declaration
      functionDefinition
        parameterList
        type
        statementBlock
          statementList
            statement
              ifStatement
                expression0
                  expression1
                    expression2
                      expression3
                        expression0
                          expression1
                            expression2
                              expression3
                                literal
                statementBlock
                  statementList
                    statement
                      ifStatement
                        expression0
                          expression1
                            expression2
                              expression3
                                expression0
                                  expression1
                                    expression2
                                      expression3
                                        literal
                        statementBlock
                          statementList
                            statement
                              whileStatement
                                expression0
                                  expression1
                                    expression2
                                      expression3
                                        expression0
                                          expression1
                                            expression2
                                              expression3
                                                literal
                                statementBlock
                                  statementList
                                    statement
                                      assignmentStatement
                                        designator
                                        expression0
                                          expression1
                                            expression2
                                              expression3
                                                literal
> but was: <line 11:2 mismatched input '}' expecting {'and', 'or', '+', '-', '*', '/', '>=', '<=', '!=', '==', '>', '<', ';'}
line 12:0 mismatched input '}' expecting {'and', 'or', '+', '-', '*', '/', '>=', '<=', '!=', '==', '>', '<', ';'}
>
	at crux.CompilerStageTests.lambda$parseTree$1(CompilerStageTests.java:48)
]]></failure>
  </testcase>
  <testcase name="parseTree" classname="crux.CompilerStageTests" time="0.005">
    <failure type="org.opentest4j.AssertionFailedError"><![CDATA[org.opentest4j.AssertionFailedError: 
Parse tree for program crux/stages/parse-tree/test18.crx differs from expected output. ==> expected: <program
  declarationList
    declaration
      functionDefinition
        parameterList
        type
        statementBlock
          statementList
            statement
              variableDeclaration
                type
            statement
              assignmentStatement
                designator
                expression0
                  expression1
                    expression2
                      expression3
                        literal
            statement
              whileStatement
                expression0
                  expression1
                    expression2
                      expression3
                        expression0
                          expression1
                            expression2
                              expression3
                                designator
                          op0
                          expression1
                            expression2
                              expression3
                                literal
                statementBlock
                  statementList
                    statement
                      callStatement
                        callExpression
                          expressionList
                            expression0
                              expression1
                                expression2
                                  expression3
                                    designator
                    statement
                      callStatement
                        callExpression
                          expressionList
                    statement
                      assignmentStatement
                        designator
                        expression0
                          expression1
                            expression2
                              expression3
                                designator
                            op1
                            expression2
                              expression3
                                literal
> but was: <program
  declarationList
    declaration
      functionDefinition
        parameterList
        type
        statementBlock
          statementList
            statement
              variable_declaration
                type
            statement
              assignmentStatement
                designator
                expression0
                  expression1
                    expression2
                      expression3
                        literal
            statement
              while_statement
                expression0
                  expression1
                    expression2
                      expression3
                        expression0
                          expression1
                            expression2
                              expression3
                                designator
                          op0
                          expression1
                            expression2
                              expression3
                                literal
                statementBlock
                  statementList
                    statement
                      callStatement
                        callExpression
                          expressionList
                            expression0
                              expression1
                                expression2
                                  expression3
                                    designator
                    statement
                      callStatement
                        callExpression
                          expressionList
                    statement
                      assignmentStatement
                        designator
                        expression0
                          expression1
                            expression2
                              expression3
                                designator
                            op1
                            expression2
                              expression3
                                literal
>
	at crux.CompilerStageTests.lambda$parseTree$1(CompilerStageTests.java:48)
]]></failure>
  </testcase>
  <testcase name="parseTree" classname="crux.CompilerStageTests" time="0.004">
    <failure type="org.opentest4j.AssertionFailedError"><![CDATA[org.opentest4j.AssertionFailedError: 
Parse tree for program crux/stages/parse-tree/test19.crx differs from expected output. ==> expected: <program
  declarationList
    declaration
      functionDefinition
        parameterList
          parameter
            type
        type
        statementBlock
          statementList
            statement
              ifStatement
                expression0
                  expression1
                    expression2
                      expression3
                        expression0
                          expression1
                            expression2
                              expression3
                                designator
                          op0
                          expression1
                            expression2
                              expression3
                                literal
                statementBlock
                  statementList
                    statement
                      callStatement
                        callExpression
                          expressionList
                            expression0
                              expression1
                                expression2
                                  expression3
                                    designator
                                op1
                                expression2
                                  expression3
                                    literal
            statement
              callStatement
                callExpression
                  expressionList
                    expression0
                      expression1
                        expression2
                          expression3
                            designator
            statement
              callStatement
                callExpression
                  expressionList
    declaration
      functionDefinition
        parameterList
        type
        statementBlock
          statementList
            statement
              callStatement
                callExpression
                  expressionList
                    expression0
                      expression1
                        expression2
                          expression3
                            literal
> but was: <line 7:2 mismatched input '::' expecting {'and', 'or', ')', '+', '-', '*', '/', '>=', '<=', '!=', '==', '>', '<', ','}
>
	at crux.CompilerStageTests.lambda$parseTree$1(CompilerStageTests.java:48)
]]></failure>
  </testcase>
  <testcase name="parseTree" classname="crux.CompilerStageTests" time="0.004">
    <failure type="org.opentest4j.AssertionFailedError"><![CDATA[org.opentest4j.AssertionFailedError: 
Parse tree for program crux/stages/parse-tree/test20.crx differs from expected output. ==> expected: <program
  declarationList
    declaration
      variableDeclaration
        type
    declaration
      functionDefinition
        parameterList
        type
        statementBlock
          statementList
            statement
              variableDeclaration
                type
            statement
              variableDeclaration
                type
            statement
              assignmentStatement
                designator
                expression0
                  expression1
                    expression2
                      expression3
                        literal
            statement
              assignmentStatement
                designator
                expression0
                  expression1
                    expression2
                      expression3
                        literal
            statement
              assignmentStatement
                designator
                expression0
                  expression1
                    expression2
                      expression3
                        designator
                    op1
                    expression2
                      expression3
                        designator
> but was: <program
  declarationList
    declaration
      variable_declaration
        type
    declaration
      functionDefinition
        parameterList
        type
        statementBlock
          statementList
            statement
              variable_declaration
                type
            statement
              variable_declaration
                type
            statement
              assignmentStatement
                designator
                expression0
                  expression1
                    expression2
                      expression3
                        literal
            statement
              assignmentStatement
                designator
                expression0
                  expression1
                    expression2
                      expression3
                        literal
            statement
              assignmentStatement
                designator
                expression0
                  expression1
                    expression2
                      expression3
                        designator
                    op1
                    expression2
                      expression3
                        designator
>
	at crux.CompilerStageTests.lambda$parseTree$1(CompilerStageTests.java:48)
]]></failure>
  </testcase>
  <testcase name="parseTree" classname="crux.CompilerStageTests" time="0.004">
    <failure type="org.opentest4j.AssertionFailedError"><![CDATA[org.opentest4j.AssertionFailedError: 
Parse tree for program crux/stages/parse-tree/test21.crx differs from expected output. ==> expected: <program
  declarationList
    declaration
      functionDefinition
        parameterList
        type
        statementBlock
          statementList
            statement
              callStatement
                callExpression
                  expressionList
                    expression0
                      expression1
                        expression2
                          expression3
                            literal
            statement
              callStatement
                callExpression
                  expressionList
                    expression0
                      expression1
                        expression2
                          expression3
                            literal
            statement
              callStatement
                callExpression
                  expressionList
                    expression0
                      expression1
                        expression2
                          expression3
                            literal
            statement
              callStatement
                callExpression
                  expressionList
                    expression0
                      expression1
                        expression2
                          expression3
                            literal
            statement
              callStatement
                callExpression
                  expressionList
                    expression0
                      expression1
                        expression2
                          expression3
                            literal
            statement
              callStatement
                callExpression
                  expressionList
> but was: <program
  declarationList
    declaration
      functionDefinition
        parameterList
        type
        statementBlock
          statementList
            statement
              callStatement
                callExpression
                  expressionList
                    expression0
                      expression1
                        expression2
                          expression3
                            literal
            statement
              callStatement
                callExpression
                  expressionList
                    expression0
                      expression1
                        expression2
                          expression3
                            literal
            statement
              callStatement
                callExpression
                  expressionList
                    expression0
                      expression1
                        expression2
                          expression3
                            literal
            statement
              callStatement
                callExpression
                  expressionList
                    expression0
                      expression1
                        expression2
                          expression3
                            literal
            statement
              callStatement
                callExpression
                  expressionList
                    expression0
                      expression1
                        expression2
                          expression3
                            literal
            statement
              callStatement
                callExpression
                  expressionList
>
	at crux.CompilerStageTests.lambda$parseTree$1(CompilerStageTests.java:48)
]]></failure>
  </testcase>
  <testcase name="parseTree" classname="crux.CompilerStageTests" time="0.004">
    <failure type="org.opentest4j.AssertionFailedError"><![CDATA[org.opentest4j.AssertionFailedError: 
Parse tree for program crux/stages/parse-tree/test22.crx differs from expected output. ==> expected: <program
  declarationList
    declaration
      arrayDeclaration
        type
    declaration
      arrayDeclaration
        type
    declaration
      functionDefinition
        parameterList
        type
        statementBlock
          statementList
            statement
              assignmentStatement
                designator
                  expression0
                    expression1
                      expression2
                        expression3
                          literal
                expression0
                  expression1
                    expression2
                      expression3
                        literal
            statement
              assignmentStatement
                designator
                  expression0
                    expression1
                      expression2
                        expression3
                          literal
                      op1
                      expression2
                        expression3
                          literal
                expression0
                  expression1
                    expression2
                      expression3
                        literal
            statement
              callStatement
                callExpression
                  expressionList
                    expression0
                      expression1
                        expression2
                          expression3
                            designator
                              expression0
                                expression1
                                  expression2
                                    expression3
                                      literal
> but was: <program
  declarationList
    declaration
      array_declaration
        type
    declaration
      array_declaration
        type
    declaration
      functionDefinition
        parameterList
        type
        statementBlock
          statementList
            statement
              assignmentStatement
                designator
                  expression0
                    expression1
                      expression2
                        expression3
                          literal
                expression0
                  expression1
                    expression2
                      expression3
                        literal
            statement
              assignmentStatement
                designator
                  expression0
                    expression1
                      expression2
                        expression3
                          literal
                      op1
                      expression2
                        expression3
                          literal
                expression0
                  expression1
                    expression2
                      expression3
                        literal
            statement
              callStatement
                callExpression
                  expressionList
                    expression0
                      expression1
                        expression2
                          expression3
                            designator
                              expression0
                                expression1
                                  expression2
                                    expression3
                                      literal
>
	at crux.CompilerStageTests.lambda$parseTree$1(CompilerStageTests.java:48)
]]></failure>
  </testcase>
  <testcase name="parseTree" classname="crux.CompilerStageTests" time="0.004">
    <failure type="org.opentest4j.AssertionFailedError"><![CDATA[org.opentest4j.AssertionFailedError: 
Parse tree for program crux/stages/parse-tree/test23.crx differs from expected output. ==> expected: <program
  declarationList
    declaration
      variableDeclaration
        type
    declaration
      variableDeclaration
        type
    declaration
      arrayDeclaration
        type
    declaration
      functionDefinition
        parameterList
        type
        statementBlock
          statementList
            statement
              assignmentStatement
                designator
                expression0
                  expression1
                    expression2
                      expression3
                        literal
            statement
              assignmentStatement
                designator
                expression0
                  expression1
                    expression2
                      expression3
                        literal
            statement
              assignmentStatement
                designator
                  expression0
                    expression1
                      expression2
                        expression3
                          literal
                expression0
                  expression1
                    expression2
                      expression3
                        literal
> but was: <program
  declarationList
    declaration
      variable_declaration
        type
    declaration
      variable_declaration
        type
    declaration
      array_declaration
        type
    declaration
      functionDefinition
        parameterList
        type
        statementBlock
          statementList
            statement
              assignmentStatement
                designator
                expression0
                  expression1
                    expression2
                      expression3
                        literal
            statement
              assignmentStatement
                designator
                expression0
                  expression1
                    expression2
                      expression3
                        literal
            statement
              assignmentStatement
                designator
                  expression0
                    expression1
                      expression2
                        expression3
                          literal
                expression0
                  expression1
                    expression2
                      expression3
                        literal
>
	at crux.CompilerStageTests.lambda$parseTree$1(CompilerStageTests.java:48)
]]></failure>
  </testcase>
  <testcase name="parseTree" classname="crux.CompilerStageTests" time="0.004">
    <failure type="org.opentest4j.AssertionFailedError"><![CDATA[org.opentest4j.AssertionFailedError: 
Parse tree for program crux/stages/parse-tree/test24.crx differs from expected output. ==> expected: <program
  declarationList
    declaration
      arrayDeclaration
        type
    declaration
      arrayDeclaration
        type
    declaration
      functionDefinition
        parameterList
        type
        statementBlock
          statementList
            statement
              assignmentStatement
                designator
                  expression0
                    expression1
                      expression2
                        expression3
                          literal
                expression0
                  expression1
                    expression2
                      expression3
                        literal
            statement
              assignmentStatement
                designator
                  expression0
                    expression1
                      expression2
                        expression3
                          designator
                            expression0
                              expression1
                                expression2
                                  expression3
                                    literal
                expression0
                  expression1
                    expression2
                      expression3
                        literal
            statement
              callStatement
                callExpression
                  expressionList
                    expression0
                      expression1
                        expression2
                          expression3
                            designator
                              expression0
                                expression1
                                  expression2
                                    expression3
                                      literal
> but was: <program
  declarationList
    declaration
      array_declaration
        type
    declaration
      array_declaration
        type
    declaration
      functionDefinition
        parameterList
        type
        statementBlock
          statementList
            statement
              assignmentStatement
                designator
                  expression0
                    expression1
                      expression2
                        expression3
                          literal
                expression0
                  expression1
                    expression2
                      expression3
                        literal
            statement
              assignmentStatement
                designator
                  expression0
                    expression1
                      expression2
                        expression3
                          designator
                            expression0
                              expression1
                                expression2
                                  expression3
                                    literal
                expression0
                  expression1
                    expression2
                      expression3
                        literal
            statement
              callStatement
                callExpression
                  expressionList
                    expression0
                      expression1
                        expression2
                          expression3
                            designator
                              expression0
                                expression1
                                  expression2
                                    expression3
                                      literal
>
	at crux.CompilerStageTests.lambda$parseTree$1(CompilerStageTests.java:48)
]]></failure>
  </testcase>
  <testcase name="parseTree" classname="crux.CompilerStageTests" time="0.004">
    <failure type="org.opentest4j.AssertionFailedError"><![CDATA[org.opentest4j.AssertionFailedError: 
Parse tree for program crux/stages/parse-tree/test25.crx differs from expected output. ==> expected: <program
  declarationList
    declaration
      functionDefinition
        parameterList
        type
        statementBlock
          statementList
            statement
              ifStatement
                expression0
                  expression1
                    expression2
                      expression3
                        expression0
                          expression1
                            expression2
                              expression3
                                literal
                statementBlock
                  statementList
                    statement
                      callStatement
                        callExpression
                          expressionList
                            expression0
                              expression1
                                expression2
                                  expression3
                                    literal
                statementBlock
                  statementList
                    statement
                      callStatement
                        callExpression
                          expressionList
                            expression0
                              expression1
                                expression2
                                  expression3
                                    literal
            statement
              callStatement
                callExpression
                  expressionList
                    expression0
                      expression1
                        expression2
                          expression3
                            literal
                        op1
                        expression2
                          expression3
                            literal
> but was: <program
  declarationList
    declaration
      functionDefinition
        parameterList
        type
        statementBlock
          statementList
            statement
              if_statement
                expression0
                  expression1
                    expression2
                      expression3
                        expression0
                          expression1
                            expression2
                              expression3
                                literal
                statementBlock
                  statementList
                    statement
                      callStatement
                        callExpression
                          expressionList
                            expression0
                              expression1
                                expression2
                                  expression3
                                    literal
                statementBlock
                  statementList
                    statement
                      callStatement
                        callExpression
                          expressionList
                            expression0
                              expression1
                                expression2
                                  expression3
                                    literal
            statement
              callStatement
                callExpression
                  expressionList
                    expression0
                      expression1
                        expression2
                          expression3
                            literal
                        op1
                        expression2
                          expression3
                            literal
>
	at crux.CompilerStageTests.lambda$parseTree$1(CompilerStageTests.java:48)
]]></failure>
  </testcase>
  <testcase name="parseTree" classname="crux.CompilerStageTests" time="0.004">
    <failure type="org.opentest4j.AssertionFailedError"><![CDATA[org.opentest4j.AssertionFailedError: 
Parse tree for program crux/stages/parse-tree/test26.crx differs from expected output. ==> expected: <program
  declarationList
    declaration
      variableDeclaration
        type
    declaration
      functionDefinition
        parameterList
        type
        statementBlock
          statementList
            statement
              assignmentStatement
                designator
                expression0
                  expression1
                    expression2
                      expression3
                        literal
            statement
              whileStatement
                expression0
                  expression1
                    expression2
                      expression3
                        expression0
                          expression1
                            expression2
                              expression3
                                designator
                          op0
                          expression1
                            expression2
                              expression3
                                literal
                statementBlock
                  statementList
                    statement
                      callStatement
                        callExpression
                          expressionList
                            expression0
                              expression1
                                expression2
                                  expression3
                                    designator
                    statement
                      callStatement
                        callExpression
                          expressionList
                    statement
                      assignmentStatement
                        designator
                        expression0
                          expression1
                            expression2
                              expression3
                                designator
                            op1
                            expression2
                              expression3
                                literal
            statement
              callStatement
                callExpression
                  expressionList
                    expression0
                      expression1
                        expression2
                          expression3
                            literal
                        op1
                        expression2
                          expression3
                            literal
            statement
              callStatement
                callExpression
                  expressionList
                    expression0
                      expression1
                        expression2
                          expression3
                            designator
> but was: <program
  declarationList
    declaration
      variable_declaration
        type
    declaration
      functionDefinition
        parameterList
        type
        statementBlock
          statementList
            statement
              assignmentStatement
                designator
                expression0
                  expression1
                    expression2
                      expression3
                        literal
            statement
              while_statement
                expression0
                  expression1
                    expression2
                      expression3
                        expression0
                          expression1
                            expression2
                              expression3
                                designator
                          op0
                          expression1
                            expression2
                              expression3
                                literal
                statementBlock
                  statementList
                    statement
                      callStatement
                        callExpression
                          expressionList
                            expression0
                              expression1
                                expression2
                                  expression3
                                    designator
                    statement
                      callStatement
                        callExpression
                          expressionList
                    statement
                      assignmentStatement
                        designator
                        expression0
                          expression1
                            expression2
                              expression3
                                designator
                            op1
                            expression2
                              expression3
                                literal
            statement
              callStatement
                callExpression
                  expressionList
                    expression0
                      expression1
                        expression2
                          expression3
                            literal
                        op1
                        expression2
                          expression3
                            literal
            statement
              callStatement
                callExpression
                  expressionList
                    expression0
                      expression1
                        expression2
                          expression3
                            designator
>
	at crux.CompilerStageTests.lambda$parseTree$1(CompilerStageTests.java:48)
]]></failure>
  </testcase>
  <testcase name="parseTree" classname="crux.CompilerStageTests" time="0.004">
    <failure type="org.opentest4j.AssertionFailedError"><![CDATA[org.opentest4j.AssertionFailedError: 
Parse tree for program crux/stages/parse-tree/test27.crx differs from expected output. ==> expected: <program
  declarationList
    declaration
      functionDefinition
        parameterList
          parameter
            type
        type
        statementBlock
          statementList
            statement
              ifStatement
                expression0
                  expression1
                    expression2
                      expression3
                        expression0
                          expression1
                            expression2
                              expression3
                                designator
                          op0
                          expression1
                            expression2
                              expression3
                                literal
                statementBlock
                  statementList
                    statement
                      returnStatement
                        expression0
                          expression1
                            expression2
                              expression3
                                literal
            statement
              returnStatement
                expression0
                  expression1
                    expression2
                      expression3
                        callExpression
                          expressionList
                            expression0
                              expression1
                                expression2
                                  expression3
                                    designator
                                op1
                                expression2
                                  expression3
                                    literal
                    op1
                    expression2
                      expression3
                        callExpression
                          expressionList
                            expression0
                              expression1
                                expression2
                                  expression3
                                    designator
                                op1
                                expression2
                                  expression3
                                    literal
    declaration
      functionDefinition
        parameterList
        type
        statementBlock
          statementList
            statement
              callStatement
                callExpression
                  expressionList
                    expression0
                      expression1
                        expression2
                          expression3
                            callExpression
                              expressionList
                                expression0
                                  expression1
                                    expression2
                                      expression3
                                        literal
> but was: <line 5:2 mismatched input 'return' expecting {'and', 'or', '+', '-', '*', '/', '>=', '<=', '!=', '==', '>', '<', ';'}
>
	at crux.CompilerStageTests.lambda$parseTree$1(CompilerStageTests.java:48)
]]></failure>
  </testcase>
  <testcase name="parseTree" classname="crux.CompilerStageTests" time="0.004">
    <failure type="org.opentest4j.AssertionFailedError"><![CDATA[org.opentest4j.AssertionFailedError: 
Parse tree for program crux/stages/parse-tree/test28.crx differs from expected output. ==> expected: <program
  declarationList
    declaration
      functionDefinition
        parameterList
          parameter
            type
        type
        statementBlock
          statementList
            statement
              callStatement
                callExpression
                  expressionList
                    expression0
                      expression1
                        expression2
                          expression3
                            designator
            statement
              returnStatement
                expression0
                  expression1
                    expression2
                      expression3
                        designator
    declaration
      functionDefinition
        parameterList
        type
        statementBlock
          statementList
            statement
              callStatement
                callExpression
                  expressionList
                    expression0
                      expression1
                        expression2
                          expression3
                            literal
            statement
              callStatement
                callExpression
                  expressionList
                    expression0
                      expression1
                        expression2
                          expression3
                            literal
            statement
              callStatement
                callExpression
                  expressionList
                    expression0
                      expression1
                        expression2
                          expression3
                            literal
    declaration
      functionDefinition
        parameterList
        type
        statementBlock
          statementList
            statement
              callStatement
                callExpression
                  expressionList
> but was: <program
  declarationList
    declaration
      functionDefinition
        parameterList
          parameter
            type
        type
        statementBlock
          statementList
            statement
              callStatement
                callExpression
                  expressionList
                    expression0
                      expression1
                        expression2
                          expression3
                            designator
            statement
              return_statement
                expression0
                  expression1
                    expression2
                      expression3
                        designator
    declaration
      functionDefinition
        parameterList
        type
        statementBlock
          statementList
            statement
              callStatement
                callExpression
                  expressionList
                    expression0
                      expression1
                        expression2
                          expression3
                            literal
            statement
              callStatement
                callExpression
                  expressionList
                    expression0
                      expression1
                        expression2
                          expression3
                            literal
            statement
              callStatement
                callExpression
                  expressionList
                    expression0
                      expression1
                        expression2
                          expression3
                            literal
    declaration
      functionDefinition
        parameterList
        type
        statementBlock
          statementList
            statement
              callStatement
                callExpression
                  expressionList
>
	at crux.CompilerStageTests.lambda$parseTree$1(CompilerStageTests.java:48)
]]></failure>
  </testcase>
  <testcase name="parseTree" classname="crux.CompilerStageTests" time="0.005">
    <failure type="org.opentest4j.AssertionFailedError"><![CDATA[org.opentest4j.AssertionFailedError: 
Parse tree for program crux/stages/parse-tree/test29.crx differs from expected output. ==> expected: <program
  declarationList
    declaration
      functionDefinition
        parameterList
          parameter
            type
          parameter
            type
        type
        statementBlock
          statementList
            statement
              returnStatement
                expression0
                  expression1
                    expression2
                      expression3
                        designator
                  op0
                  expression1
                    expression2
                      expression3
                        designator
    declaration
      functionDefinition
        parameterList
        type
        statementBlock
          statementList
            statement
              callStatement
                callExpression
                  expressionList
                    expression0
                      expression1
                        expression2
                          expression3
                            callExpression
                              expressionList
                                expression0
                                  expression1
                                    expression2
                                      expression3
                                        literal
                                expression0
                                  expression1
                                    expression2
                                      expression3
                                        literal
            statement
              callStatement
                callExpression
                  expressionList
            statement
              callStatement
                callExpression
                  expressionList
                    expression0
                      expression1
                        expression2
                          expression3
                            callExpression
                              expressionList
                                expression0
                                  expression1
                                    expression2
                                      expression3
                                        literal
                                expression0
                                  expression1
                                    expression2
                                      expression3
                                        literal
            statement
              callStatement
                callExpression
                  expressionList
            statement
              callStatement
                callExpression
                  expressionList
                    expression0
                      expression1
                        expression2
                          expression3
                            callExpression
                              expressionList
                                expression0
                                  expression1
                                    expression2
                                      expression3
                                        literal
                                expression0
                                  expression1
                                    expression2
                                      expression3
                                        literal
> but was: <program
  declarationList
    declaration
      functionDefinition
        parameterList
          parameter
            type
          parameter
            type
        type
        statementBlock
          statementList
            statement
              return_statement
                expression0
                  expression1
                    expression2
                      expression3
                        designator
                  op0
                  expression1
                    expression2
                      expression3
                        designator
    declaration
      functionDefinition
        parameterList
        type
        statementBlock
          statementList
            statement
              callStatement
                callExpression
                  expressionList
                    expression0
                      expression1
                        expression2
                          expression3
                            callExpression
                              expressionList
                                expression0
                                  expression1
                                    expression2
                                      expression3
                                        literal
                                expression0
                                  expression1
                                    expression2
                                      expression3
                                        literal
            statement
[...]
                                              expression3
                                                literal
                                            op1
                                            expression2
                                              expression3
                                                designator
                    statement
                      assignmentStatement
                        designator
                        expression0
                          expression1
                            expression2
                              expression3
                                designator
                            op1
                            expression2
                              expression3
                                literal
> but was: <program
  declarationList
    declaration
      functionDefinition
        parameterList
          parameter
            type
          parameter
            type
        type
        statementBlock
          statementList
            statement
              variable_declaration
                type
            statement
              assignmentStatement
                designator
                expression0
                  expression1
                    expression2
                      expression3
                        literal
            statement
              variable_declaration
                type
            statement
              assignmentStatement
                designator
                expression0
                  expression1
                    expression2
                      expression3
                        literal
            statement
              while_statement
                expression0
                  expression1
                    expression2
                      expression3
                        expression0
                          expression1
                            expression2
                              expression3
                                expression0
                                  expression1
                                    expression2
                                      expression3
                                        designator
                                  op0
                                  expression1
                                    expression2
                                      expression3
                                        literal
                            op1
                            expression2
                              expression3
                                expression0
                                  expression1
                                    expression2
                                      expression3
                                        designator
                                  op0
                                  expression1
                                    expression2
                                      expression3
                                        literal
                statementBlock
                  statementList
                    statement
                      variable_declaration
                        type
                    statement
                      variable_declaration
                        type
                    statement
                      assignmentStatement
                        designator
                        expression0
                          expression1
                            expression2
                              expression3
                                designator
                            op1
                            expression2
                              expression3
                                expression0
                                  expression1
                                    expression2
                                      expression3
                                        expression0
                                          expression1
                                            expression2
                                              expression3
                                                designator
                                              op2
                                              expression3
                                                literal
                                      op2
                                      expression3
                                        literal
                    statement
                      assignmentStatement
                        designator
                        expression0
                          expression1
                            expression2
                              expression3
                                designator
                            op1
                            expression2
                              expression3
                                expression0
                                  expression1
                                    expression2
                                      expression3
                                        expression0
                                          expression1
                                            expression2
                                              expression3
                                                designator
                                              op2
                                              expression3
                                                literal
                                      op2
                                      expression3
                                        literal
                    statement
                      if_statement
                        expression0
                          expression1
                            expression2
                              expression3
                                expression0
                                  expression1
                                    expression2
                                      expression3
                                        expression0
                                          expression1
                                            expression2
                                              expression3
                                                designator
                                          op0
                                          expression1
                                            expression2
                                              expression3
                                                literal
                                      op2
                                      expression3
                                        expression0
                                          expression1
                                            expression2
                                              expression3
                                                designator
                                          op0
                                          expression1
                                            expression2
                                              expression3
                                                literal
                        statementBlock
                          statementList
                            statement
                              assignmentStatement
                                designator
                                expression0
                                  expression1
                                    expression2
                                      expression3
                                        designator
                                      op2
                                      expression3
                                        literal
                                    op1
                                    expression2
                                      expression3
                                        literal
                        statementBlock
                          statementList
                            statement
                              if_statement
                                expression0
                                  expression1
                                    expression2
                                      expression3
                                        expression0
                                          expression1
                                            expression2
                                              expression3
                                                expression0
                                                  expression1
                                                    expression2
                                                      expression3
                                                        designator
                                                  op0
                                                  expression1
                                                    expression2
                                                      expression3
                                                        literal
                                              op2
                                              expression3
                                                expression0
                                                  expression1
                                                    expression2
                                                      expression3
                                                        designator
                                                  op0
                                                  expression1
                                                    expression2
                                                      expression3
                                                        literal
                                statementBlock
                                  statementList
                                    statement
                                      assignmentStatement
                                        designator
                                        expression0
                                          expression1
                                            expression2
                                              expression3
                                                designator
                                              op2
                                              expression3
                                                literal
                                            op1
                                            expression2
                                              expression3
                                                literal
                                statementBlock
                                  statementList
                                    statement
                                      assignmentStatement
                                        designator
                                        expression0
                                          expression1
                                            expression2
                                              expression3
                                                designator
                                              op2
                                              expression3
                                                literal
                    statement
                      assignmentStatement
                        designator
                        expression0
                          expression1
                            expression2
                              expression3
                                designator
                              op2
                              expression3
                                literal
                    statement
                      assignmentStatement
                        designator
                        expression0
                          expression1
                            expression2
                              expression3
                                designator
                              op2
                              expression3
                                literal
                    statement
                      assignmentStatement
                        designator
                        expression0
                          expression1
                            expression2
                              expression3
                                designator
                            op1
                            expression2
                              expression3
                                literal
            statement
              variable_declaration
                type
            statement
              assignmentStatement
                designator
                expression0
                  expression1
                    expression2
                      expression3
                        literal
            statement
              while_statement
                expression0
                  expression1
                    expression2
                      expression3
                        expression0
                          expression1
                            expression2
                              expression3
                                designator
                          op0
                          expression1
                            expression2
                              expression3
                                literal
                statementBlock
                  statementList
                    statement
                      assignmentStatement
                        designator
                        expression0
                          expression1
                            expression2
                              expression3
                                expression0
                                  expression1
                                    expression2
                                      expression3
                                        designator
                                      op2
                                      expression3
                                        literal
                            op1
                            expression2
                              expression3
                                expression0
                                  expression1
                                    expression2
                                      expression3
                                        designator
                                    op1
                                    expression2
                                      expression3
                                        expression0
                                          expression1
                                            expression2
                                              expression3
                                                designator
                                              op2
                                              expression3
                                                literal
                                      op2
                                      expression3
                                        literal
                    statement
                      assignmentStatement
                        designator
                        expression0
                          expression1
                            expression2
                              expression3
                                designator
                              op2
                              expression3
                                literal
                    statement
                      assignmentStatement
                        designator
                        expression0
                          expression1
                            expression2
                              expression3
                                designator
                            op1
                            expression2
                              expression3
                                literal
            statement
              return_statement
                expression0
                  expression1
                    expression2
                      expression3
                        designator
    declaration
      functionDefinition
        parameterList
        type
        statementBlock
          statementList
            statement
              variable_declaration
                type
            statement
              assignmentStatement
                designator
                expression0
                  expression1
                    expression2
                      expression3
                        literal
            statement
              while_statement
                expression0
                  expression1
                    expression2
                      expression3
                        expression0
                          expression1
                            expression2
                              expression3
                                designator
                          op0
                          expression1
                            expression2
                              expression3
                                literal
                statementBlock
                  statementList
                    statement
                      variable_declaration
                        type
                    statement
                      assignmentStatement
                        designator
                        expression0
                          expression1
                            expression2
                              expression3
                                callExpression
                                  expressionList
                    statement
                      callStatement
                        callExpression
                          expressionList
                            expression0
                              expression1
                                expression2
                                  expression3
                                    callExpression
                                      expressionList
                                        expression0
                                          expression1
                                            expression2
                                              expression3
                                                designator
                                        expression0
                                          expression1
                                            expression2
                                              expression3
                                                literal
                                            op1
                                            expression2
                                              expression3
                                                designator
                    statement
                      assignmentStatement
                        designator
                        expression0
                          expression1
                            expression2
                              expression3
                                designator
                            op1
                            expression2
                              expression3
                                literal
>
	at crux.CompilerStageTests.lambda$parseTree$1(CompilerStageTests.java:48)
]]></failure>
  </testcase>
</testsuite>